#
# There is insufficient memory for the Java Runtime Environment to continue.
# Native memory allocation (malloc) failed to allocate 827216 bytes. Error detail: Chunk::new
# Possible reasons:
#   The system is out of physical RAM or swap space
#   This process is running with CompressedOops enabled, and the Java Heap may be blocking the growth of the native heap
# Possible solutions:
#   Reduce memory load on the system
#   Increase physical memory or swap space
#   Check if swap backing store is full
#   Decrease Java heap size (-Xmx/-Xms)
#   Decrease number of Java threads
#   Decrease Java thread stack sizes (-Xss)
#   Set larger code cache with -XX:ReservedCodeCacheSize=
#   JVM is running with Zero Based Compressed Oops mode in which the Java heap is
#     placed in the first 32GB address space. The Java Heap base address is the
#     maximum limit for the native heap growth. Please use -XX:HeapBaseMinAddress
#     to set the Java Heap base and to place the Java Heap above 32GB virtual address.
# This output file may be truncated or incomplete.
#
#  Out of Memory Error (arena.cpp:162), pid=24532, tid=33728
#
# JRE version: OpenJDK Runtime Environment Zulu24.30+11-CA (24.0.1+9) (build 24.0.1+9)
# Java VM: OpenJDK 64-Bit Server VM Zulu24.30+11-CA (24.0.1+9, mixed mode, sharing, tiered, compressed oops, compressed class ptrs, g1 gc, windows-amd64)
# No core dump will be written. Minidumps are not enabled by default on client versions of Windows
#

---------------  S U M M A R Y ------------

Command Line: -Dfile.encoding=UTF-8 --module-path=C:\Users\mahes\OneDrive\Desktop\project25\bank management system\build\classes bank.management.system.Login

Host: 13th Gen Intel(R) Core(TM) i7-1355U, 12 cores, 15G,  Windows 11 , 64 bit Build 22621 (10.0.22621.5124)
Time: Wed May 28 14:00:46 2025 India Standard Time elapsed time: 18180.187974 seconds (0d 5h 3m 0s)

---------------  T H R E A D  ---------------

Current thread (0x0000024c2a9567c0):  JavaThread "C2 CompilerThread0" daemon [_thread_in_native, id=33728, stack(0x000000e126b00000,0x000000e126c00000) (1024K)]


Current CompileTask:
C2:18180188 3133   !   4       jdk.internal.loader.BuiltinClassLoader::findResource (144 bytes)

Stack: [0x000000e126b00000,0x000000e126c00000]
Native frames: (J=compiled Java code, j=interpreted, Vv=VM code, C=native code)
V  [jvm.dll+0x7410c9]  (no source info available)
V  [jvm.dll+0x97def3]  (no source info available)
V  [jvm.dll+0x98021d]  (no source info available)
V  [jvm.dll+0x980893]  (no source info available)
V  [jvm.dll+0x2b5b16]  (no source info available)
V  [jvm.dll+0xd019f]  (no source info available)
V  [jvm.dll+0xd03ff]  (no source info available)
V  [jvm.dll+0x4011e2]  (no source info available)
V  [jvm.dll+0x3ccf50]  (no source info available)
V  [jvm.dll+0x3cc3da]  (no source info available)
V  [jvm.dll+0x27a39f]  (no source info available)
V  [jvm.dll+0x279641]  (no source info available)
V  [jvm.dll+0x1f313a]  (no source info available)
V  [jvm.dll+0x288e35]  (no source info available)
V  [jvm.dll+0x2870ca]  (no source info available)
V  [jvm.dll+0x43df56]  (no source info available)
V  [jvm.dll+0x920928]  (no source info available)
V  [jvm.dll+0x73f855]  (no source info available)
C  [ucrtbase.dll+0x29333]  (no source info available)
C  [KERNEL32.DLL+0x1259d]  (no source info available)
C  [ntdll.dll+0x5af38]  (no source info available)

Lock stack of current Java thread (top to bottom):


---------------  P R O C E S S  ---------------

Threads class SMR info:
_java_thread_list=0x0000024c2bf077c0, length=17, elements={
0x0000024c2a942780, 0x0000024c2a943180, 0x0000024c2a944c60, 0x0000024c2a945950,
0x0000024c2a94d0c0, 0x0000024c2a94d800, 0x0000024c2a9567c0, 0x0000024c2a95cb40,
0x0000024c2b2c9cf0, 0x0000024c2b341700, 0x0000024c2b7b3300, 0x0000024c2b7b2460,
0x0000024c2b7b2bb0, 0x0000024c2b7b0e70, 0x0000024c2b7b15c0, 0x0000024c2bdb8ed0,
0x0000024c2bdb78e0
}

Java Threads: ( => current thread )
  0x0000024c2a942780 JavaThread "Reference Handler"          daemon [_thread_blocked, id=8480, stack(0x000000e126500000,0x000000e126600000) (1024K)]
  0x0000024c2a943180 JavaThread "Finalizer"                  daemon [_thread_blocked, id=23548, stack(0x000000e126600000,0x000000e126700000) (1024K)]
  0x0000024c2a944c60 JavaThread "Signal Dispatcher"          daemon [_thread_blocked, id=43280, stack(0x000000e126700000,0x000000e126800000) (1024K)]
  0x0000024c2a945950 JavaThread "Attach Listener"            daemon [_thread_blocked, id=18312, stack(0x000000e126800000,0x000000e126900000) (1024K)]
  0x0000024c2a94d0c0 JavaThread "Service Thread"             daemon [_thread_blocked, id=23452, stack(0x000000e126900000,0x000000e126a00000) (1024K)]
  0x0000024c2a94d800 JavaThread "Monitor Deflation Thread"   daemon [_thread_blocked, id=16476, stack(0x000000e126a00000,0x000000e126b00000) (1024K)]
=>0x0000024c2a9567c0 JavaThread "C2 CompilerThread0"         daemon [_thread_in_native, id=33728, stack(0x000000e126b00000,0x000000e126c00000) (1024K)]
  0x0000024c2a95cb40 JavaThread "C1 CompilerThread0"         daemon [_thread_blocked, id=34208, stack(0x000000e126c00000,0x000000e126d00000) (1024K)]
  0x0000024c2b2c9cf0 JavaThread "Common-Cleaner"             daemon [_thread_blocked, id=5116, stack(0x000000e126d00000,0x000000e126e00000) (1024K)]
  0x0000024c2b341700 JavaThread "Notification Thread"        daemon [_thread_blocked, id=12156, stack(0x000000e126e00000,0x000000e126f00000) (1024K)]
  0x0000024c2b7b3300 JavaThread "Java2D Disposer"            daemon [_thread_blocked, id=43572, stack(0x000000e127000000,0x000000e127100000) (1024K)]
  0x0000024c2b7b2460 JavaThread "AWT-Shutdown"                      [_thread_blocked, id=19512, stack(0x000000e127100000,0x000000e127200000) (1024K)]
  0x0000024c2b7b2bb0 JavaThread "AWT-Windows"                daemon [_thread_in_native, id=13064, stack(0x000000e127200000,0x000000e127300000) (1024K)]
  0x0000024c2b7b0e70 JavaThread "AWT-EventQueue-0"                  [_thread_blocked, id=37984, stack(0x000000e127400000,0x000000e127500000) (1024K)]
  0x0000024c2b7b15c0 JavaThread "DestroyJavaVM"                     [_thread_blocked, id=17388, stack(0x000000e125d00000,0x000000e125e00000) (1024K)]
  0x0000024c2bdb8ed0 JavaThread "TimerQueue"                 daemon [_thread_blocked, id=37660, stack(0x000000e126f00000,0x000000e127000000) (1024K)]
  0x0000024c2bdb78e0 JavaThread "mysql-cj-abandoned-connection-cleanup" daemon [_thread_blocked, id=22776, stack(0x000000e127300000,0x000000e127400000) (1024K)]
Total: 17

Other Threads:
  0x0000024c2a930cf0 VMThread "VM Thread"                           [id=34348, stack(0x000000e126400000,0x000000e126500000) (1024K)]
  0x0000024c2a921450 WatcherThread "VM Periodic Task Thread"        [id=14124, stack(0x000000e126300000,0x000000e126400000) (1024K)]
  0x0000024c0b6bf900 WorkerThread "GC Thread#0"                     [id=5084, stack(0x000000e125e00000,0x000000e125f00000) (1024K)]
  0x0000024c0b6d4b30 ConcurrentGCThread "G1 Main Marker"            [id=40144, stack(0x000000e125f00000,0x000000e126000000) (1024K)]
  0x0000024c0b6d57c0 WorkerThread "G1 Conc#0"                       [id=29640, stack(0x000000e126000000,0x000000e126100000) (1024K)]
  0x0000024c0b71e6f0 ConcurrentGCThread "G1 Refine#0"               [id=23704, stack(0x000000e126100000,0x000000e126200000) (1024K)]
  0x0000024c2a7e5080 ConcurrentGCThread "G1 Service"                [id=35484, stack(0x000000e126200000,0x000000e126300000) (1024K)]
Total: 7

Threads with active compile tasks:
C2 CompilerThread0  18180272 3133   !   4       jdk.internal.loader.BuiltinClassLoader::findResource (144 bytes)
Total: 1

VM state: not at safepoint (normal execution)

VM Mutex/Monitor currently owned by a thread: None

Heap address: 0x0000000704e00000, size: 4018 MB, Compressed Oops mode: Zero based, Oop shift amount: 3

CDS archive(s) mapped at: [0x0000024c2c000000-0x0000024c2cd40000-0x0000024c2cd40000), size 13893632, SharedBaseAddress: 0x0000024c2c000000, ArchiveRelocationMode: 1.
Compressed class space mapped at: 0x0000024c2d000000-0x0000024c6d000000, reserved size: 1073741824
UseCompressedClassPointers 1, UseCompactObjectHeaders 0
Narrow klass pointer bits 32, Max shift 3
Narrow klass base: 0x0000024c2c000000, Narrow klass shift: 0
Encoding Range: [0x0000024c2c000000 - 0x0000024d2c000000), (4294967296 bytes)
Klass Range:    [0x0000024c2c000000 - 0x0000024c6d000000), (1090519040 bytes)
Klass ID Range:  [8 - 1090519033) (1090519025)

GC Precious Log:
 CardTable entry size: 512
 Card Set container configuration: InlinePtr #cards 4 size 8 Array Of Cards #cards 16 size 48 Howl #buckets 8 coarsen threshold 3686 Howl Bitmap #cards 512 size 80 coarsen threshold 460 Card regions per heap region 1 cards per card region 4096
 CPUs: 12 total, 12 available
 Memory: 16068M
 Large Page Support: Disabled
 NUMA Support: Disabled
 Compressed Oops: Enabled (Zero based)
 Heap Region Size: 2M
 Heap Min Capacity: 8M
 Heap Initial Capacity: 252M
 Heap Max Capacity: 4018M
 Pre-touch: Disabled
 Parallel Workers: 10
 Concurrent Workers: 3
 Concurrent Refinement Workers: 10
 Periodic GC: Disabled

Heap:
 garbage-first heap   total reserved 4114432K, committed 260096K, used 60528K [0x0000000704e00000, 0x0000000800000000)
  region size 2048K, 24 young (49152K), 0 survivors (0K)
 Metaspace       used 18873K, committed 19136K, reserved 1114112K
  class space    used 1712K, committed 1856K, reserved 1048576K

Heap Regions: E=young(eden), S=young(survivor), O=old, HS=humongous(starts), HC=humongous(continues), CS=collection set, F=free, TAMS=top-at-mark-start, PB=parsable bottom
|   0|0x0000000704e00000, 0x0000000705000000, 0x0000000705000000|100%|HS|  |TAMS 0x0000000704e00000| PB 0x0000000704e00000| Complete |  0
|   1|0x0000000705000000, 0x0000000705200000, 0x0000000705200000|100%|HC|  |TAMS 0x0000000705000000| PB 0x0000000705000000| Complete |  0
|   2|0x0000000705200000, 0x0000000705400000, 0x0000000705400000|100%|HS|  |TAMS 0x0000000705200000| PB 0x0000000705200000| Complete |  0
|   3|0x0000000705400000, 0x0000000705600000, 0x0000000705600000|100%|HC|  |TAMS 0x0000000705400000| PB 0x0000000705400000| Complete |  0
|   4|0x0000000705600000, 0x0000000705800000, 0x0000000705800000|100%|HS|  |TAMS 0x0000000705600000| PB 0x0000000705600000| Complete |  0
|   5|0x0000000705800000, 0x0000000705a00000, 0x0000000705a00000|100%|HC|  |TAMS 0x0000000705800000| PB 0x0000000705800000| Complete |  0
|   6|0x0000000705a00000, 0x0000000705a00000, 0x0000000705c00000|  0%| F|  |TAMS 0x0000000705a00000| PB 0x0000000705a00000| Untracked |  0
|   7|0x0000000705c00000, 0x0000000705c00000, 0x0000000705e00000|  0%| F|  |TAMS 0x0000000705c00000| PB 0x0000000705c00000| Untracked |  0
|   8|0x0000000705e00000, 0x0000000705e00000, 0x0000000706000000|  0%| F|  |TAMS 0x0000000705e00000| PB 0x0000000705e00000| Untracked |  0
|   9|0x0000000706000000, 0x0000000706000000, 0x0000000706200000|  0%| F|  |TAMS 0x0000000706000000| PB 0x0000000706000000| Untracked |  0
|  10|0x0000000706200000, 0x0000000706200000, 0x0000000706400000|  0%| F|  |TAMS 0x0000000706200000| PB 0x0000000706200000| Untracked |  0
|  11|0x0000000706400000, 0x0000000706400000, 0x0000000706600000|  0%| F|  |TAMS 0x0000000706400000| PB 0x0000000706400000| Untracked |  0
|  12|0x0000000706600000, 0x0000000706600000, 0x0000000706800000|  0%| F|  |TAMS 0x0000000706600000| PB 0x0000000706600000| Untracked |  0
|  13|0x0000000706800000, 0x0000000706800000, 0x0000000706a00000|  0%| F|  |TAMS 0x0000000706800000| PB 0x0000000706800000| Untracked |  0
|  14|0x0000000706a00000, 0x0000000706a00000, 0x0000000706c00000|  0%| F|  |TAMS 0x0000000706a00000| PB 0x0000000706a00000| Untracked |  0
|  15|0x0000000706c00000, 0x0000000706c00000, 0x0000000706e00000|  0%| F|  |TAMS 0x0000000706c00000| PB 0x0000000706c00000| Untracked |  0
|  16|0x0000000706e00000, 0x0000000706e00000, 0x0000000707000000|  0%| F|  |TAMS 0x0000000706e00000| PB 0x0000000706e00000| Untracked |  0
|  17|0x0000000707000000, 0x0000000707000000, 0x0000000707200000|  0%| F|  |TAMS 0x0000000707000000| PB 0x0000000707000000| Untracked |  0
|  18|0x0000000707200000, 0x0000000707200000, 0x0000000707400000|  0%| F|  |TAMS 0x0000000707200000| PB 0x0000000707200000| Untracked |  0
|  19|0x0000000707400000, 0x0000000707400000, 0x0000000707600000|  0%| F|  |TAMS 0x0000000707400000| PB 0x0000000707400000| Untracked |  0
|  20|0x0000000707600000, 0x0000000707600000, 0x0000000707800000|  0%| F|  |TAMS 0x0000000707600000| PB 0x0000000707600000| Untracked |  0
|  21|0x0000000707800000, 0x0000000707800000, 0x0000000707a00000|  0%| F|  |TAMS 0x0000000707800000| PB 0x0000000707800000| Untracked |  0
|  22|0x0000000707a00000, 0x0000000707a00000, 0x0000000707c00000|  0%| F|  |TAMS 0x0000000707a00000| PB 0x0000000707a00000| Untracked |  0
|  23|0x0000000707c00000, 0x0000000707c00000, 0x0000000707e00000|  0%| F|  |TAMS 0x0000000707c00000| PB 0x0000000707c00000| Untracked |  0
|  24|0x0000000707e00000, 0x0000000707e00000, 0x0000000708000000|  0%| F|  |TAMS 0x0000000707e00000| PB 0x0000000707e00000| Untracked |  0
|  25|0x0000000708000000, 0x0000000708000000, 0x0000000708200000|  0%| F|  |TAMS 0x0000000708000000| PB 0x0000000708000000| Untracked |  0
|  26|0x0000000708200000, 0x0000000708200000, 0x0000000708400000|  0%| F|  |TAMS 0x0000000708200000| PB 0x0000000708200000| Untracked |  0
|  27|0x0000000708400000, 0x0000000708400000, 0x0000000708600000|  0%| F|  |TAMS 0x0000000708400000| PB 0x0000000708400000| Untracked |  0
|  28|0x0000000708600000, 0x0000000708600000, 0x0000000708800000|  0%| F|  |TAMS 0x0000000708600000| PB 0x0000000708600000| Untracked |  0
|  29|0x0000000708800000, 0x0000000708800000, 0x0000000708a00000|  0%| F|  |TAMS 0x0000000708800000| PB 0x0000000708800000| Untracked |  0
|  30|0x0000000708a00000, 0x0000000708a00000, 0x0000000708c00000|  0%| F|  |TAMS 0x0000000708a00000| PB 0x0000000708a00000| Untracked |  0
|  31|0x0000000708c00000, 0x0000000708c00000, 0x0000000708e00000|  0%| F|  |TAMS 0x0000000708c00000| PB 0x0000000708c00000| Untracked |  0
|  32|0x0000000708e00000, 0x0000000708e00000, 0x0000000709000000|  0%| F|  |TAMS 0x0000000708e00000| PB 0x0000000708e00000| Untracked |  0
|  33|0x0000000709000000, 0x0000000709000000, 0x0000000709200000|  0%| F|  |TAMS 0x0000000709000000| PB 0x0000000709000000| Untracked |  0
|  34|0x0000000709200000, 0x0000000709200000, 0x0000000709400000|  0%| F|  |TAMS 0x0000000709200000| PB 0x0000000709200000| Untracked |  0
|  35|0x0000000709400000, 0x0000000709400000, 0x0000000709600000|  0%| F|  |TAMS 0x0000000709400000| PB 0x0000000709400000| Untracked |  0
|  36|0x0000000709600000, 0x0000000709600000, 0x0000000709800000|  0%| F|  |TAMS 0x0000000709600000| PB 0x0000000709600000| Untracked |  0
|  37|0x0000000709800000, 0x0000000709800000, 0x0000000709a00000|  0%| F|  |TAMS 0x0000000709800000| PB 0x0000000709800000| Untracked |  0
|  38|0x0000000709a00000, 0x0000000709a00000, 0x0000000709c00000|  0%| F|  |TAMS 0x0000000709a00000| PB 0x0000000709a00000| Untracked |  0
|  39|0x0000000709c00000, 0x0000000709c00000, 0x0000000709e00000|  0%| F|  |TAMS 0x0000000709c00000| PB 0x0000000709c00000| Untracked |  0
|  40|0x0000000709e00000, 0x0000000709e00000, 0x000000070a000000|  0%| F|  |TAMS 0x0000000709e00000| PB 0x0000000709e00000| Untracked |  0
|  41|0x000000070a000000, 0x000000070a000000, 0x000000070a200000|  0%| F|  |TAMS 0x000000070a000000| PB 0x000000070a000000| Untracked |  0
|  42|0x000000070a200000, 0x000000070a200000, 0x000000070a400000|  0%| F|  |TAMS 0x000000070a200000| PB 0x000000070a200000| Untracked |  0
|  43|0x000000070a400000, 0x000000070a400000, 0x000000070a600000|  0%| F|  |TAMS 0x000000070a400000| PB 0x000000070a400000| Untracked |  0
|  44|0x000000070a600000, 0x000000070a600000, 0x000000070a800000|  0%| F|  |TAMS 0x000000070a600000| PB 0x000000070a600000| Untracked |  0
|  45|0x000000070a800000, 0x000000070a800000, 0x000000070aa00000|  0%| F|  |TAMS 0x000000070a800000| PB 0x000000070a800000| Untracked |  0
|  46|0x000000070aa00000, 0x000000070aa00000, 0x000000070ac00000|  0%| F|  |TAMS 0x000000070aa00000| PB 0x000000070aa00000| Untracked |  0
|  47|0x000000070ac00000, 0x000000070ac00000, 0x000000070ae00000|  0%| F|  |TAMS 0x000000070ac00000| PB 0x000000070ac00000| Untracked |  0
|  48|0x000000070ae00000, 0x000000070ae00000, 0x000000070b000000|  0%| F|  |TAMS 0x000000070ae00000| PB 0x000000070ae00000| Untracked |  0
|  49|0x000000070b000000, 0x000000070b000000, 0x000000070b200000|  0%| F|  |TAMS 0x000000070b000000| PB 0x000000070b000000| Untracked |  0
|  50|0x000000070b200000, 0x000000070b200000, 0x000000070b400000|  0%| F|  |TAMS 0x000000070b200000| PB 0x000000070b200000| Untracked |  0
|  51|0x000000070b400000, 0x000000070b400000, 0x000000070b600000|  0%| F|  |TAMS 0x000000070b400000| PB 0x000000070b400000| Untracked |  0
|  52|0x000000070b600000, 0x000000070b600000, 0x000000070b800000|  0%| F|  |TAMS 0x000000070b600000| PB 0x000000070b600000| Untracked |  0
|  53|0x000000070b800000, 0x000000070b800000, 0x000000070ba00000|  0%| F|  |TAMS 0x000000070b800000| PB 0x000000070b800000| Untracked |  0
|  54|0x000000070ba00000, 0x000000070ba00000, 0x000000070bc00000|  0%| F|  |TAMS 0x000000070ba00000| PB 0x000000070ba00000| Untracked |  0
|  55|0x000000070bc00000, 0x000000070bc00000, 0x000000070be00000|  0%| F|  |TAMS 0x000000070bc00000| PB 0x000000070bc00000| Untracked |  0
|  56|0x000000070be00000, 0x000000070be00000, 0x000000070c000000|  0%| F|  |TAMS 0x000000070be00000| PB 0x000000070be00000| Untracked |  0
|  57|0x000000070c000000, 0x000000070c000000, 0x000000070c200000|  0%| F|  |TAMS 0x000000070c000000| PB 0x000000070c000000| Untracked |  0
|  58|0x000000070c200000, 0x000000070c200000, 0x000000070c400000|  0%| F|  |TAMS 0x000000070c200000| PB 0x000000070c200000| Untracked |  0
|  59|0x000000070c400000, 0x000000070c400000, 0x000000070c600000|  0%| F|  |TAMS 0x000000070c400000| PB 0x000000070c400000| Untracked |  0
|  60|0x000000070c600000, 0x000000070c600000, 0x000000070c800000|  0%| F|  |TAMS 0x000000070c600000| PB 0x000000070c600000| Untracked |  0
|  61|0x000000070c800000, 0x000000070c800000, 0x000000070ca00000|  0%| F|  |TAMS 0x000000070c800000| PB 0x000000070c800000| Untracked |  0
|  62|0x000000070ca00000, 0x000000070ca00000, 0x000000070cc00000|  0%| F|  |TAMS 0x000000070ca00000| PB 0x000000070ca00000| Untracked |  0
|  63|0x000000070cc00000, 0x000000070cc00000, 0x000000070ce00000|  0%| F|  |TAMS 0x000000070cc00000| PB 0x000000070cc00000| Untracked |  0
|  64|0x000000070ce00000, 0x000000070ce00000, 0x000000070d000000|  0%| F|  |TAMS 0x000000070ce00000| PB 0x000000070ce00000| Untracked |  0
|  65|0x000000070d000000, 0x000000070d000000, 0x000000070d200000|  0%| F|  |TAMS 0x000000070d000000| PB 0x000000070d000000| Untracked |  0
|  66|0x000000070d200000, 0x000000070d200000, 0x000000070d400000|  0%| F|  |TAMS 0x000000070d200000| PB 0x000000070d200000| Untracked |  0
|  67|0x000000070d400000, 0x000000070d400000, 0x000000070d600000|  0%| F|  |TAMS 0x000000070d400000| PB 0x000000070d400000| Untracked |  0
|  68|0x000000070d600000, 0x000000070d600000, 0x000000070d800000|  0%| F|  |TAMS 0x000000070d600000| PB 0x000000070d600000| Untracked |  0
|  69|0x000000070d800000, 0x000000070d800000, 0x000000070da00000|  0%| F|  |TAMS 0x000000070d800000| PB 0x000000070d800000| Untracked |  0
|  70|0x000000070da00000, 0x000000070da00000, 0x000000070dc00000|  0%| F|  |TAMS 0x000000070da00000| PB 0x000000070da00000| Untracked |  0
|  71|0x000000070dc00000, 0x000000070dc00000, 0x000000070de00000|  0%| F|  |TAMS 0x000000070dc00000| PB 0x000000070dc00000| Untracked |  0
|  72|0x000000070de00000, 0x000000070de00000, 0x000000070e000000|  0%| F|  |TAMS 0x000000070de00000| PB 0x000000070de00000| Untracked |  0
|  73|0x000000070e000000, 0x000000070e000000, 0x000000070e200000|  0%| F|  |TAMS 0x000000070e000000| PB 0x000000070e000000| Untracked |  0
|  74|0x000000070e200000, 0x000000070e200000, 0x000000070e400000|  0%| F|  |TAMS 0x000000070e200000| PB 0x000000070e200000| Untracked |  0
|  75|0x000000070e400000, 0x000000070e400000, 0x000000070e600000|  0%| F|  |TAMS 0x000000070e400000| PB 0x000000070e400000| Untracked |  0
|  76|0x000000070e600000, 0x000000070e600000, 0x000000070e800000|  0%| F|  |TAMS 0x000000070e600000| PB 0x000000070e600000| Untracked |  0
|  77|0x000000070e800000, 0x000000070e800000, 0x000000070ea00000|  0%| F|  |TAMS 0x000000070e800000| PB 0x000000070e800000| Untracked |  0
|  78|0x000000070ea00000, 0x000000070ea00000, 0x000000070ec00000|  0%| F|  |TAMS 0x000000070ea00000| PB 0x000000070ea00000| Untracked |  0
|  79|0x000000070ec00000, 0x000000070ec00000, 0x000000070ee00000|  0%| F|  |TAMS 0x000000070ec00000| PB 0x000000070ec00000| Untracked |  0
|  80|0x000000070ee00000, 0x000000070ee00000, 0x000000070f000000|  0%| F|  |TAMS 0x000000070ee00000| PB 0x000000070ee00000| Untracked |  0
|  81|0x000000070f000000, 0x000000070f000000, 0x000000070f200000|  0%| F|  |TAMS 0x000000070f000000| PB 0x000000070f000000| Untracked |  0
|  82|0x000000070f200000, 0x000000070f200000, 0x000000070f400000|  0%| F|  |TAMS 0x000000070f200000| PB 0x000000070f200000| Untracked |  0
|  83|0x000000070f400000, 0x000000070f400000, 0x000000070f600000|  0%| F|  |TAMS 0x000000070f400000| PB 0x000000070f400000| Untracked |  0
|  84|0x000000070f600000, 0x000000070f600000, 0x000000070f800000|  0%| F|  |TAMS 0x000000070f600000| PB 0x000000070f600000| Untracked |  0
|  85|0x000000070f800000, 0x000000070f800000, 0x000000070fa00000|  0%| F|  |TAMS 0x000000070f800000| PB 0x000000070f800000| Untracked |  0
|  86|0x000000070fa00000, 0x000000070fa00000, 0x000000070fc00000|  0%| F|  |TAMS 0x000000070fa00000| PB 0x000000070fa00000| Untracked |  0
|  87|0x000000070fc00000, 0x000000070fc00000, 0x000000070fe00000|  0%| F|  |TAMS 0x000000070fc00000| PB 0x000000070fc00000| Untracked |  0
|  88|0x000000070fe00000, 0x000000070fe00000, 0x0000000710000000|  0%| F|  |TAMS 0x000000070fe00000| PB 0x000000070fe00000| Untracked |  0
|  89|0x0000000710000000, 0x0000000710000000, 0x0000000710200000|  0%| F|  |TAMS 0x0000000710000000| PB 0x0000000710000000| Untracked |  0
|  90|0x0000000710200000, 0x0000000710200000, 0x0000000710400000|  0%| F|  |TAMS 0x0000000710200000| PB 0x0000000710200000| Untracked |  0
|  91|0x0000000710400000, 0x0000000710400000, 0x0000000710600000|  0%| F|  |TAMS 0x0000000710400000| PB 0x0000000710400000| Untracked |  0
|  92|0x0000000710600000, 0x0000000710600000, 0x0000000710800000|  0%| F|  |TAMS 0x0000000710600000| PB 0x0000000710600000| Untracked |  0
|  93|0x0000000710800000, 0x0000000710800000, 0x0000000710a00000|  0%| F|  |TAMS 0x0000000710800000| PB 0x0000000710800000| Untracked |  0
|  94|0x0000000710a00000, 0x0000000710a00000, 0x0000000710c00000|  0%| F|  |TAMS 0x0000000710a00000| PB 0x0000000710a00000| Untracked |  0
|  95|0x0000000710c00000, 0x0000000710c00000, 0x0000000710e00000|  0%| F|  |TAMS 0x0000000710c00000| PB 0x0000000710c00000| Untracked |  0
|  96|0x0000000710e00000, 0x0000000710e00000, 0x0000000711000000|  0%| F|  |TAMS 0x0000000710e00000| PB 0x0000000710e00000| Untracked |  0
|  97|0x0000000711000000, 0x0000000711000000, 0x0000000711200000|  0%| F|  |TAMS 0x0000000711000000| PB 0x0000000711000000| Untracked |  0
|  98|0x0000000711200000, 0x0000000711200000, 0x0000000711400000|  0%| F|  |TAMS 0x0000000711200000| PB 0x0000000711200000| Untracked |  0
|  99|0x0000000711400000, 0x0000000711400000, 0x0000000711600000|  0%| F|  |TAMS 0x0000000711400000| PB 0x0000000711400000| Untracked |  0
| 100|0x0000000711600000, 0x0000000711600000, 0x0000000711800000|  0%| F|  |TAMS 0x0000000711600000| PB 0x0000000711600000| Untracked |  0
| 101|0x0000000711800000, 0x0000000711800000, 0x0000000711a00000|  0%| F|  |TAMS 0x0000000711800000| PB 0x0000000711800000| Untracked |  0
| 102|0x0000000711a00000, 0x0000000711bed890, 0x0000000711c00000| 96%| E|  |TAMS 0x0000000711a00000| PB 0x0000000711a00000| Complete |  0
| 103|0x0000000711c00000, 0x0000000711e00000, 0x0000000711e00000|100%| E|CS|TAMS 0x0000000711c00000| PB 0x0000000711c00000| Complete |  0
| 104|0x0000000711e00000, 0x0000000712000000, 0x0000000712000000|100%| E|CS|TAMS 0x0000000711e00000| PB 0x0000000711e00000| Complete |  0
| 105|0x0000000712000000, 0x0000000712200000, 0x0000000712200000|100%| E|CS|TAMS 0x0000000712000000| PB 0x0000000712000000| Complete |  0
| 106|0x0000000712200000, 0x0000000712400000, 0x0000000712400000|100%| E|CS|TAMS 0x0000000712200000| PB 0x0000000712200000| Complete |  0
| 107|0x0000000712400000, 0x0000000712600000, 0x0000000712600000|100%| E|CS|TAMS 0x0000000712400000| PB 0x0000000712400000| Complete |  0
| 108|0x0000000712600000, 0x0000000712800000, 0x0000000712800000|100%| E|CS|TAMS 0x0000000712600000| PB 0x0000000712600000| Complete |  0
| 109|0x0000000712800000, 0x0000000712a00000, 0x0000000712a00000|100%| E|CS|TAMS 0x0000000712800000| PB 0x0000000712800000| Complete |  0
| 110|0x0000000712a00000, 0x0000000712c00000, 0x0000000712c00000|100%| E|CS|TAMS 0x0000000712a00000| PB 0x0000000712a00000| Complete |  0
| 111|0x0000000712c00000, 0x0000000712e00000, 0x0000000712e00000|100%| E|CS|TAMS 0x0000000712c00000| PB 0x0000000712c00000| Complete |  0
| 112|0x0000000712e00000, 0x0000000713000000, 0x0000000713000000|100%| E|CS|TAMS 0x0000000712e00000| PB 0x0000000712e00000| Complete |  0
| 113|0x0000000713000000, 0x0000000713200000, 0x0000000713200000|100%| E|CS|TAMS 0x0000000713000000| PB 0x0000000713000000| Complete |  0
| 114|0x0000000713200000, 0x0000000713400000, 0x0000000713400000|100%| E|CS|TAMS 0x0000000713200000| PB 0x0000000713200000| Complete |  0
| 115|0x0000000713400000, 0x0000000713600000, 0x0000000713600000|100%| E|CS|TAMS 0x0000000713400000| PB 0x0000000713400000| Complete |  0
| 116|0x0000000713600000, 0x0000000713800000, 0x0000000713800000|100%| E|CS|TAMS 0x0000000713600000| PB 0x0000000713600000| Complete |  0
| 117|0x0000000713800000, 0x0000000713a00000, 0x0000000713a00000|100%| E|CS|TAMS 0x0000000713800000| PB 0x0000000713800000| Complete |  0
| 118|0x0000000713a00000, 0x0000000713c00000, 0x0000000713c00000|100%| E|CS|TAMS 0x0000000713a00000| PB 0x0000000713a00000| Complete |  0
| 119|0x0000000713c00000, 0x0000000713e00000, 0x0000000713e00000|100%| E|CS|TAMS 0x0000000713c00000| PB 0x0000000713c00000| Complete |  0
| 120|0x0000000713e00000, 0x0000000714000000, 0x0000000714000000|100%| E|CS|TAMS 0x0000000713e00000| PB 0x0000000713e00000| Complete |  0
| 121|0x0000000714000000, 0x0000000714200000, 0x0000000714200000|100%| E|CS|TAMS 0x0000000714000000| PB 0x0000000714000000| Complete |  0
| 122|0x0000000714200000, 0x0000000714400000, 0x0000000714400000|100%| E|CS|TAMS 0x0000000714200000| PB 0x0000000714200000| Complete |  0
| 123|0x0000000714400000, 0x0000000714600000, 0x0000000714600000|100%| E|CS|TAMS 0x0000000714400000| PB 0x0000000714400000| Complete |  0
| 124|0x0000000714600000, 0x0000000714800000, 0x0000000714800000|100%| E|CS|TAMS 0x0000000714600000| PB 0x0000000714600000| Complete |  0
| 125|0x0000000714800000, 0x0000000714a00000, 0x0000000714a00000|100%| E|CS|TAMS 0x0000000714800000| PB 0x0000000714800000| Complete |  0
|2008|0x00000007ffe00000, 0x00000007fff1c2f8, 0x0000000800000000| 55%| O|  |TAMS 0x00000007ffe00000| PB 0x00000007ffe00000| Untracked |  0

Card table byte_map: [0x0000024c23e90000,0x0000024c24670000] _byte_map_base: 0x0000024c20669000

Marking Bits: (CMBitMap*) 0x0000024c0b6c0010
 Bits: [0x0000024c24670000, 0x0000024c28538000)

Polling page: 0x0000024c09520000

Metaspace:

Usage:
  Non-class:     16.76 MB used.
      Class:      1.67 MB used.
       Both:     18.43 MB used.

Virtual space:
  Non-class space:       64.00 MB reserved,      16.88 MB ( 26%) committed,  1 nodes.
      Class space:        1.00 GB reserved,       1.81 MB ( <1%) committed,  1 nodes.
             Both:        1.06 GB reserved,      18.69 MB (  2%) committed. 

Chunk freelists:
   Non-Class:  14.52 MB
       Class:  14.17 MB
        Both:  28.68 MB

MaxMetaspaceSize: unlimited
CompressedClassSpaceSize: 1.00 GB
Initial GC threshold: 21.00 MB
Current GC threshold: 21.00 MB
CDS: on
 - commit_granule_bytes: 65536.
 - commit_granule_words: 8192.
 - virtual_space_node_default_size: 8388608.
 - enlarge_chunks_in_place: 1.
UseCompressedClassPointers 1, UseCompactObjectHeaders 0
Narrow klass pointer bits 32, Max shift 3
Narrow klass base: 0x0000024c2c000000, Narrow klass shift: 0
Encoding Range: [0x0000024c2c000000 - 0x0000024d2c000000), (4294967296 bytes)
Klass Range:    [0x0000024c2c000000 - 0x0000024c6d000000), (1090519040 bytes)
Klass ID Range:  [8 - 1090519033) (1090519025)


Internal statistics:

num_allocs_failed_limit: 0.
num_arena_births: 192.
num_arena_deaths: 0.
num_vsnodes_births: 2.
num_vsnodes_deaths: 0.
num_space_committed: 299.
num_space_uncommitted: 0.
num_chunks_returned_to_freelist: 0.
num_chunks_taken_from_freelist: 396.
num_chunk_merges: 0.
num_chunk_splits: 240.
num_chunks_enlarged: 130.
num_inconsistent_stats: 0.

CodeHeap 'non-profiled nmethods': size=120064Kb used=967Kb max_used=967Kb free=119096Kb
 bounds [0x0000024c1bc20000, 0x0000024c1be90000, 0x0000024c23160000]
CodeHeap 'profiled nmethods': size=120000Kb used=5209Kb max_used=5209Kb free=114790Kb
 bounds [0x0000024c14160000, 0x0000024c14680000, 0x0000024c1b690000]
CodeHeap 'non-nmethods': size=5696Kb used=1615Kb max_used=1692Kb free=4080Kb
 bounds [0x0000024c1b690000, 0x0000024c1b900000, 0x0000024c1bc20000]
CodeCache: size=245760Kb, used=7791Kb, max_used=7868Kb, free=237966Kb
 total_blobs=3912, nmethods=3132, adapters=685, full_count=0
Compilation: enabled, stopped_count=0, restarted_count=0

Compilation events (20 events):
Event: 16504.306 Thread 0x0000024c2a95cb40 3123  s    3       sun.java2d.loops.GraphicsPrimitiveMgr::locatePrim (95 bytes)
Event: 16504.308 Thread 0x0000024c2a95cb40 nmethod 3123 0x0000024c14674a88 code [0x0000024c14674c20, 0x0000024c14675898]
Event: 16504.308 Thread 0x0000024c2a95cb40 3124       3       java.awt.Component::updateGraphicsData (34 bytes)
Event: 16504.309 Thread 0x0000024c2a95cb40 nmethod 3124 0x0000024c14675908 code [0x0000024c14675a40, 0x0000024c14675d80]
Event: 16504.340 Thread 0x0000024c2a9567c0 nmethod 3125 0x0000024c1bd0f888 code [0x0000024c1bd0f980, 0x0000024c1bd0fb60]
Event: 17214.245 Thread 0x0000024c2a9567c0 3126  s!   4       jdk.internal.loader.URLClassPath::getLoader (202 bytes)
Event: 17214.255 Thread 0x0000024c2a9567c0 nmethod 3126 0x0000024c1bd0fb88 code [0x0000024c1bd0fce0, 0x0000024c1bd103b0]
Event: 17364.301 Thread 0x0000024c2a9567c0 3127       4       java.lang.String::replace (42 bytes)
Event: 17364.330 Thread 0x0000024c2a9567c0 nmethod 3127 0x0000024c1bd10408 code [0x0000024c1bd10540, 0x0000024c1bd10c18]
Event: 17547.617 Thread 0x0000024c2a95cb40 3128       3       java.awt.Color::<init> (11 bytes)
Event: 17547.617 Thread 0x0000024c2a95cb40 nmethod 3128 0x0000024c14675e08 code [0x0000024c14675f20, 0x0000024c14676058]
Event: 17547.617 Thread 0x0000024c2a95cb40 3129       3       java.awt.Color::<init> (72 bytes)
Event: 17547.618 Thread 0x0000024c2a95cb40 nmethod 3129 0x0000024c14676108 code [0x0000024c14676240, 0x0000024c146764b0]
Event: 18134.991 Thread 0x0000024c2a9567c0 3130       4       jdk.internal.module.Resources::toPackageName (39 bytes)
Event: 18134.999 Thread 0x0000024c2a9567c0 nmethod 3130 0x0000024c1bd10c88 code [0x0000024c1bd10da0, 0x0000024c1bd10fa0]
Event: 18165.001 Thread 0x0000024c2a9567c0 3131   !   4       jdk.internal.loader.BuiltinClassLoader::findMiscResource (203 bytes)
Event: 18165.047 Thread 0x0000024c2a9567c0 nmethod 3131 0x0000024c1bd11008 code [0x0000024c1bd111a0, 0x0000024c1bd11988]
Event: 18170.004 Thread 0x0000024c2a9567c0 3132       4       java.util.ImmutableCollections$ListN::isEmpty (14 bytes)
Event: 18170.006 Thread 0x0000024c2a9567c0 nmethod 3132 0x0000024c1bd11a88 code [0x0000024c1bd11b80, 0x0000024c1bd11c30]
Event: 18180.007 Thread 0x0000024c2a9567c0 3133   !   4       jdk.internal.loader.BuiltinClassLoader::findResource (144 bytes)

GC Heap History (0 events):
No events

Dll operation events (12 events):
Event: 0.015 Loaded shared library C:\Program Files\Apache NetBeans\jdk\bin\java.dll
Event: 0.082 Loaded shared library C:\Program Files\Apache NetBeans\jdk\bin\jsvml.dll
Event: 0.134 Loaded shared library C:\Program Files\Apache NetBeans\jdk\bin\net.dll
Event: 0.136 Loaded shared library C:\Program Files\Apache NetBeans\jdk\bin\nio.dll
Event: 0.164 Loaded shared library C:\Program Files\Apache NetBeans\jdk\bin\zip.dll
Event: 0.189 Loaded shared library C:\Program Files\Apache NetBeans\jdk\bin\jimage.dll
Event: 0.202 Loaded shared library C:\Program Files\Apache NetBeans\jdk\bin\awt.dll
Event: 0.664 Loaded shared library C:\Program Files\Apache NetBeans\jdk\bin\javajpeg.dll
Event: 0.761 Loaded shared library C:\Program Files\Apache NetBeans\jdk\bin\freetype.dll
Event: 0.763 Loaded shared library C:\Program Files\Apache NetBeans\jdk\bin\fontmanager.dll
Event: 14.232 Loaded shared library C:\Program Files\Apache NetBeans\jdk\bin\extnet.dll
Event: 14.528 Loaded shared library C:\Program Files\Apache NetBeans\jdk\bin\sunmscapi.dll

Deoptimization events (20 events):
Event: 92.487 Thread 0x0000024c2b7b0e70 Uncommon trap: trap_request=0xffffffc6 fr.pc=0x0000024c1bcd53c8 relative=0x0000000000000208
Event: 92.487 Thread 0x0000024c2b7b0e70 Uncommon trap: reason=bimorphic_or_optimized_type_check action=maybe_recompile pc=0x0000024c1bcd53c8 method=sun.security.util.math.intpoly.IntegerPolynomial.multByInt([JJ)V @ 26 c2
Event: 92.488 Thread 0x0000024c2b7b0e70 DEOPT PACKING pc=0x0000024c1bcd53c8 sp=0x000000e1274fd120
Event: 92.488 Thread 0x0000024c2b7b0e70 DEOPT UNPACKING pc=0x0000024c1b7a7a82 sp=0x000000e1274fd0f0 mode 2
Event: 266.871 Thread 0x0000024c2b7b2bb0 Uncommon trap: trap_request=0xffffffbe fr.pc=0x0000024c1bc83d6c relative=0x00000000000001cc
Event: 266.872 Thread 0x0000024c2b7b2bb0 Uncommon trap: reason=profile_predicate action=maybe_recompile pc=0x0000024c1bc83d6c method=java.util.HashMap.keysToArray([Ljava/lang/Object;)[Ljava/lang/Object; @ 36 c2
Event: 266.872 Thread 0x0000024c2b7b2bb0 DEOPT PACKING pc=0x0000024c1bc83d6c sp=0x000000e1272fe4a0
Event: 266.872 Thread 0x0000024c2b7b2bb0 DEOPT UNPACKING pc=0x0000024c1b7a7a82 sp=0x000000e1272fe430 mode 2
Event: 9451.785 Thread 0x0000024c2b7b2bb0 Uncommon trap: trap_request=0xffffffbe fr.pc=0x0000024c1bc83d6c relative=0x00000000000001cc
Event: 9451.785 Thread 0x0000024c2b7b2bb0 Uncommon trap: reason=profile_predicate action=maybe_recompile pc=0x0000024c1bc83d6c method=java.util.HashMap.keysToArray([Ljava/lang/Object;)[Ljava/lang/Object; @ 36 c2
Event: 9451.785 Thread 0x0000024c2b7b2bb0 DEOPT PACKING pc=0x0000024c1bc83d6c sp=0x000000e1272fe4a0
Event: 9451.785 Thread 0x0000024c2b7b2bb0 DEOPT UNPACKING pc=0x0000024c1b7a7a82 sp=0x000000e1272fe430 mode 2
Event: 9517.611 Thread 0x0000024c2b7b2bb0 Uncommon trap: trap_request=0xffffffbe fr.pc=0x0000024c1bc83d6c relative=0x00000000000001cc
Event: 9517.611 Thread 0x0000024c2b7b2bb0 Uncommon trap: reason=profile_predicate action=maybe_recompile pc=0x0000024c1bc83d6c method=java.util.HashMap.keysToArray([Ljava/lang/Object;)[Ljava/lang/Object; @ 36 c2
Event: 9517.611 Thread 0x0000024c2b7b2bb0 DEOPT PACKING pc=0x0000024c1bc83d6c sp=0x000000e1272fe4a0
Event: 9517.611 Thread 0x0000024c2b7b2bb0 DEOPT UNPACKING pc=0x0000024c1b7a7a82 sp=0x000000e1272fe430 mode 2
Event: 16504.200 Thread 0x0000024c2b7b2bb0 Uncommon trap: trap_request=0xffffff76 fr.pc=0x0000024c1bd0f258 relative=0x00000000000001b8
Event: 16504.200 Thread 0x0000024c2b7b2bb0 Uncommon trap: reason=predicate action=maybe_recompile pc=0x0000024c1bd0f258 method=java.util.HashMap.keysToArray([Ljava/lang/Object;)[Ljava/lang/Object; @ 48 c2
Event: 16504.200 Thread 0x0000024c2b7b2bb0 DEOPT PACKING pc=0x0000024c1bd0f258 sp=0x000000e1272fe4d0
Event: 16504.200 Thread 0x0000024c2b7b2bb0 DEOPT UNPACKING pc=0x0000024c1b7a7a82 sp=0x000000e1272fe468 mode 2

Classes loaded (20 events):
Event: 76.612 Loading class sun/datatransfer/DataFlavorUtil$RMI
Event: 76.612 Loading class sun/datatransfer/DataFlavorUtil$RMI done
Event: 76.612 Loading class java/rmi/Remote
Event: 76.612 Loading class java/rmi/Remote done
Event: 76.612 Loading class java/rmi/MarshalledObject
Event: 76.612 Loading class java/rmi/MarshalledObject done
Event: 76.615 Loading class sun/awt/datatransfer/DataTransferer$ReencodingInputStream
Event: 76.615 Loading class sun/awt/datatransfer/DataTransferer$ReencodingInputStream done
Event: 76.615 Loading class sun/nio/cs/UTF_16LE$Decoder
Event: 76.615 Loading class sun/nio/cs/UTF_16LE$Decoder done
Event: 76.616 Loading class sun/nio/cs/UTF_16$Encoder
Event: 76.616 Loading class sun/nio/cs/UnicodeEncoder
Event: 76.616 Loading class sun/nio/cs/UnicodeEncoder done
Event: 76.616 Loading class sun/nio/cs/UTF_16$Encoder done
Event: 9538.181 Loading class java/util/WeakHashMap$KeyIterator
Event: 9538.181 Loading class java/util/WeakHashMap$HashIterator
Event: 9538.181 Loading class java/util/WeakHashMap$HashIterator done
Event: 9538.181 Loading class java/util/WeakHashMap$KeyIterator done
Event: 9538.183 Loading class javax/swing/RepaintManager$DisplayChangedRunnable
Event: 9538.183 Loading class javax/swing/RepaintManager$DisplayChangedRunnable done

Classes unloaded (0 events):
No events

Classes redefined (0 events):
No events

Internal exceptions (20 events):
Event: 0.940 Thread 0x0000024c2b7b0e70 Exception <a 'java/lang/NoSuchMethodError'{0x0000000713d48b78}: 'java.lang.Object java.lang.invoke.DirectMethodHandle$Holder.invokeStatic(java.lang.Object, java.lang.Object, java.lang.Object, java.lang.Object, java.lang.Object, long)'> (0x0000000713d48b78) 
thrown [s\src\hotspot\share\interpreter\linkResolver.cpp, line 805]
Event: 0.950 Thread 0x0000024c2b7b0e70 Exception <a 'java/lang/NoSuchMethodError'{0x0000000713d8c2f0}: 'float java.lang.invoke.DelegatingMethodHandle$Holder.reinvoke_L(java.lang.Object, java.lang.Object, java.lang.Object, java.lang.Object, long, long)'> (0x0000000713d8c2f0) 
thrown [s\src\hotspot\share\interpreter\linkResolver.cpp, line 805]
Event: 1.353 Thread 0x0000024c2b7b0e70 Exception <a 'java/lang/NoSuchMethodError'{0x0000000713180708}: 'int java.lang.invoke.DelegatingMethodHandle$Holder.reinvoke_L(java.lang.Object, java.lang.Object, java.lang.Object, java.lang.Object, long, long)'> (0x0000000713180708) 
thrown [s\src\hotspot\share\interpreter\linkResolver.cpp, line 805]
Event: 1.356 Thread 0x0000024c2b7b0e70 Exception <a 'java/lang/NoSuchMethodError'{0x00000007131b2c08}: 'long java.lang.invoke.DelegatingMethodHandle$Holder.reinvoke_L(java.lang.Object, java.lang.Object, java.lang.Object, java.lang.Object, long, long)'> (0x00000007131b2c08) 
thrown [s\src\hotspot\share\interpreter\linkResolver.cpp, line 805]
Event: 13.977 Thread 0x0000024c2b7b0e70 Implicit null exception at 0x0000024c1bc730f5 to 0x0000024c1bc731a8
Event: 13.992 Thread 0x0000024c2b7b0e70 Exception <a 'java/lang/NoSuchMethodError'{0x0000000712eeb318}: 'void java.lang.invoke.DirectMethodHandle$Holder.invokeStatic(java.lang.Object, java.lang.Object)'> (0x0000000712eeb318) 
thrown [s\src\hotspot\share\interpreter\linkResolver.cpp, line 805]
Event: 14.029 Thread 0x0000024c2b7b0e70 Exception <a 'java/lang/NoSuchMethodError'{0x0000000712d87af0}: 'java.lang.Object java.lang.invoke.DirectMethodHandle$Holder.invokeInterface(java.lang.Object, java.lang.Object)'> (0x0000000712d87af0) 
thrown [s\src\hotspot\share\interpreter\linkResolver.cpp, line 805]
Event: 14.099 Thread 0x0000024c2b7b0e70 Exception <a 'java/lang/NoSuchMethodError'{0x000000071282ee88}: 'void java.lang.invoke.DirectMethodHandle$Holder.invokeStatic(java.lang.Object, java.lang.Object, java.lang.Object)'> (0x000000071282ee88) 
thrown [s\src\hotspot\share\interpreter\linkResolver.cpp, line 805]
Event: 14.102 Thread 0x0000024c2b7b0e70 Exception <a 'java/lang/NoSuchMethodError'{0x0000000712846858}: 'java.lang.Object java.lang.invoke.DirectMethodHandle$Holder.invokeVirtual(java.lang.Object, java.lang.Object, java.lang.Object)'> (0x0000000712846858) 
thrown [s\src\hotspot\share\interpreter\linkResolver.cpp, line 805]
Event: 14.334 Thread 0x0000024c2b7b0e70 Exception <a 'java/lang/NoSuchMethodError'{0x00000007124fa8a8}: 'void java.lang.invoke.DirectMethodHandle$Holder.invokeStaticInit(java.lang.Object, java.lang.Object)'> (0x00000007124fa8a8) 
thrown [s\src\hotspot\share\interpreter\linkResolver.cpp, line 805]
Event: 14.374 Thread 0x0000024c2b7b0e70 Implicit null exception at 0x0000024c1bc72af0 to 0x0000024c1bc72b80
Event: 14.422 Thread 0x0000024c2b7b0e70 Exception <a 'sun/nio/fs/WindowsException'{0x00000007122507f8}> (0x00000007122507f8) 
thrown [s\src\hotspot\share\prims\jni.cpp, line 518]
Event: 14.467 Thread 0x0000024c2b7b0e70 Exception <a 'java/lang/NoSuchMethodError'{0x00000007122f9f80}: 'java.lang.Object java.lang.invoke.DirectMethodHandle$Holder.invokeStaticInit(java.lang.Object, int, int, int, int)'> (0x00000007122f9f80) 
thrown [s\src\hotspot\share\interpreter\linkResolver.cpp, line 805]
Event: 14.500 Thread 0x0000024c2b7b0e70 Exception <a 'java/lang/NoSuchMethodError'{0x0000000712395140}: 'java.lang.Object java.lang.invoke.DirectMethodHandle$Holder.invokeStaticInit(java.lang.Object, java.lang.Object, int, int, int, int)'> (0x0000000712395140) 
thrown [s\src\hotspot\share\interpreter\linkResolver.cpp, line 805]
Event: 14.763 Thread 0x0000024c2b7b0e70 Exception <a 'java/lang/NoSuchMethodError'{0x000000071215a788}: 'java.lang.Object java.lang.invoke.Invokers$Holder.invoke_MT(java.lang.Object, java.lang.Object, java.lang.Object, java.lang.Object, java.lang.Object, java.lang.Object)'> (0x000000071215a788) 
thrown [s\src\hotspot\share\interpreter\linkResolver.cpp, line 805]
Event: 14.764 Thread 0x0000024c2b7b0e70 Exception <a 'java/lang/NoSuchMethodError'{0x0000000712163708}: 'java.lang.Object java.lang.invoke.DirectMethodHandle$Holder.invokeStatic(java.lang.Object, java.lang.Object, int)'> (0x0000000712163708) 
thrown [s\src\hotspot\share\interpreter\linkResolver.cpp, line 805]
Event: 14.768 Thread 0x0000024c2b7b0e70 Exception <a 'java/lang/NoSuchMethodError'{0x0000000712185018}: 'void java.lang.invoke.DelegatingMethodHandle$Holder.delegate(java.lang.Object, java.lang.Object, int, java.lang.Object)'> (0x0000000712185018) 
thrown [s\src\hotspot\share\interpreter\linkResolver.cpp, line 805]
Event: 14.769 Thread 0x0000024c2b7b0e70 Exception <a 'java/lang/NoSuchMethodError'{0x000000071218db68}: 'int java.lang.invoke.DirectMethodHandle$Holder.invokeSpecial(java.lang.Object, java.lang.Object, java.lang.Object)'> (0x000000071218db68) 
thrown [s\src\hotspot\share\interpreter\linkResolver.cpp, line 805]
Event: 14.980 Thread 0x0000024c2b7b0e70 Exception <a 'java/lang/NoSuchMethodError'{0x0000000711ecbbd0}: 'int java.lang.invoke.DirectMethodHandle$Holder.invokeStatic(java.lang.Object)'> (0x0000000711ecbbd0) 
thrown [s\src\hotspot\share\interpreter\linkResolver.cpp, line 805]
Event: 76.608 Thread 0x0000024c2b7b0e70 Exception <a 'java/lang/NoSuchMethodError'{0x0000000711dde6a0}: 'void java.lang.invoke.DirectMethodHandle$Holder.invokeSpecial(java.lang.Object, java.lang.Object, java.lang.Object, java.lang.Object, java.lang.Object)'> (0x0000000711dde6a0) 
thrown [s\src\hotspot\share\interpreter\linkResolver.cpp, line 805]

VM Operations (20 events):
Event: 9511.482 Executing VM operation: HandshakeAllThreads (HandshakeForDeflation)
Event: 9511.482 Executing VM operation: HandshakeAllThreads (HandshakeForDeflation) done
Event: 9511.482 Executing VM operation: RendezvousGCThreads
Event: 9511.482 Executing VM operation: RendezvousGCThreads done
Event: 9571.702 Executing VM operation: HandshakeAllThreads (HandshakeForDeflation)
Event: 9571.702 Executing VM operation: HandshakeAllThreads (HandshakeForDeflation) done
Event: 9571.702 Executing VM operation: RendezvousGCThreads
Event: 9571.702 Executing VM operation: RendezvousGCThreads done
Event: 13239.228 Executing VM operation: HandshakeAllThreads (HandshakeForDeflation)
Event: 13239.228 Executing VM operation: HandshakeAllThreads (HandshakeForDeflation) done
Event: 13239.228 Executing VM operation: RendezvousGCThreads
Event: 13239.228 Executing VM operation: RendezvousGCThreads done
Event: 16546.030 Executing VM operation: HandshakeAllThreads (HandshakeForDeflation)
Event: 16546.030 Executing VM operation: HandshakeAllThreads (HandshakeForDeflation) done
Event: 16546.068 Executing VM operation: RendezvousGCThreads
Event: 16546.068 Executing VM operation: RendezvousGCThreads done
Event: 17568.398 Executing VM operation: HandshakeAllThreads (HandshakeForDeflation)
Event: 17568.398 Executing VM operation: HandshakeAllThreads (HandshakeForDeflation) done
Event: 17568.398 Executing VM operation: RendezvousGCThreads
Event: 17568.398 Executing VM operation: RendezvousGCThreads done

Memory protections (0 events):
No events

Nmethod flushes (0 events):
No events

Events (20 events):
Event: 0.288 Thread 0x0000024c0928c6b0 Thread added: 0x0000024c2b7b2460
Event: 0.288 Thread 0x0000024c0928c6b0 Thread added: 0x0000024c2b7b2bb0
Event: 0.595 Thread 0x0000024c0928c6b0 Thread added: 0x0000024c2b7affd0
Event: 0.731 Thread 0x0000024c2b7b2bb0 Thread added: 0x0000024c2b7b0e70
Event: 0.896 Thread 0x0000024c0928c6b0 Thread exited: 0x0000024c0928c6b0
Event: 0.896 Thread 0x0000024c2b7b15c0 Thread added: 0x0000024c2b7b15c0
Event: 0.897 Thread 0x0000024c2b398890 Thread exited: 0x0000024c2b398890
Event: 1.393 Thread 0x0000024c2b7b0e70 Thread added: 0x0000024c2bdb8ed0
Event: 5.683 Thread 0x0000024c2b7affd0 Thread exited: 0x0000024c2b7affd0
Event: 13.995 Thread 0x0000024c2b7b0e70 Thread added: 0x0000024c2bdb78e0
Event: 14.054 Thread 0x0000024c2a95cb40 Thread added: 0x0000024c2bddab00
Event: 14.082 Thread 0x0000024c2bddab00 Thread added: 0x0000024c2bddb290
Event: 14.849 Thread 0x0000024c2b7b0e70 Thread added: 0x0000024c2bdb8030
Event: 14.906 Thread 0x0000024c2bddb290 Thread exited: 0x0000024c2bddb290
Event: 14.985 Thread 0x0000024c2bddab00 Thread exited: 0x0000024c2bddab00
Event: 19.857 Thread 0x0000024c2bdb8030 Thread exited: 0x0000024c2bdb8030
Event: 76.622 Thread 0x0000024c2a95cb40 Thread added: 0x0000024c2bddc1b0
Event: 77.127 Thread 0x0000024c2bddc1b0 Thread exited: 0x0000024c2bddc1b0
Event: 92.493 Thread 0x0000024c2a9567c0 Thread added: 0x0000024c2bddc940
Event: 97.592 Thread 0x0000024c2bddc940 Thread exited: 0x0000024c2bddc940


Dynamic libraries:
0x00007ff6b4380000 - 0x00007ff6b438e000 	C:\Program Files\Apache NetBeans\jdk\bin\java.exe
0x00007ffe2e310000 - 0x00007ffe2e527000 	C:\Windows\SYSTEM32\ntdll.dll
0x00007ffe2d680000 - 0x00007ffe2d744000 	C:\Windows\System32\KERNEL32.DLL
0x00007ffe2b5a0000 - 0x00007ffe2b973000 	C:\Windows\System32\KERNELBASE.dll
0x00007ffe2bb40000 - 0x00007ffe2bc51000 	C:\Windows\System32\ucrtbase.dll
0x00007ffe1d900000 - 0x00007ffe1d91e000 	C:\Program Files\Apache NetBeans\jdk\bin\VCRUNTIME140.dll
0x00007ffe1d630000 - 0x00007ffe1d646000 	C:\Program Files\Apache NetBeans\jdk\bin\jli.dll
0x00007ffe2dca0000 - 0x00007ffe2de51000 	C:\Windows\System32\USER32.dll
0x00007ffe2b420000 - 0x00007ffe2b446000 	C:\Windows\System32\win32u.dll
0x00007ffe0f690000 - 0x00007ffe0f928000 	C:\Windows\WinSxS\amd64_microsoft.windows.common-controls_6595b64144ccf1df_6.0.22621.5124_none_270e8f4f7386d69d\COMCTL32.dll
0x00007ffe2d750000 - 0x00007ffe2d7f7000 	C:\Windows\System32\msvcrt.dll
0x00007ffe2c060000 - 0x00007ffe2c089000 	C:\Windows\System32\GDI32.dll
0x00007ffe2b480000 - 0x00007ffe2b59b000 	C:\Windows\System32\gdi32full.dll
0x00007ffe2bda0000 - 0x00007ffe2be3a000 	C:\Windows\System32\msvcp_win.dll
0x00007ffe2c090000 - 0x00007ffe2c0c1000 	C:\Windows\System32\IMM32.DLL
0x00007ffe1d8f0000 - 0x00007ffe1d8fc000 	C:\Program Files\Apache NetBeans\jdk\bin\vcruntime140_1.dll
0x00007ffe04130000 - 0x00007ffe041bd000 	C:\Program Files\Apache NetBeans\jdk\bin\msvcp140.dll
0x00007ffd95060000 - 0x00007ffd95edc000 	C:\Program Files\Apache NetBeans\jdk\bin\server\jvm.dll
0x00007ffe2c1e0000 - 0x00007ffe2c291000 	C:\Windows\System32\ADVAPI32.dll
0x00007ffe2bfb0000 - 0x00007ffe2c058000 	C:\Windows\System32\sechost.dll
0x00007ffe2b450000 - 0x00007ffe2b478000 	C:\Windows\System32\bcrypt.dll
0x00007ffe2c2b0000 - 0x00007ffe2c3c4000 	C:\Windows\System32\RPCRT4.dll
0x00007ffe2c8a0000 - 0x00007ffe2c911000 	C:\Windows\System32\WS2_32.dll
0x00007ffe2a260000 - 0x00007ffe2a2ad000 	C:\Windows\SYSTEM32\POWRPROF.dll
0x00007ffe20e60000 - 0x00007ffe20e6a000 	C:\Windows\SYSTEM32\VERSION.dll
0x00007ffe28de0000 - 0x00007ffe28e14000 	C:\Windows\SYSTEM32\WINMM.dll
0x00007ffe2a240000 - 0x00007ffe2a253000 	C:\Windows\SYSTEM32\UMPDC.dll
0x00007ffe2a500000 - 0x00007ffe2a518000 	C:\Windows\SYSTEM32\kernel.appcore.dll
0x00007ffe1d700000 - 0x00007ffe1d70a000 	C:\Program Files\Apache NetBeans\jdk\bin\jimage.dll
0x00007ffe28b20000 - 0x00007ffe28d52000 	C:\Windows\SYSTEM32\DBGHELP.DLL
0x00007ffe2d890000 - 0x00007ffe2dc22000 	C:\Windows\System32\combase.dll
0x00007ffe2c920000 - 0x00007ffe2c9f7000 	C:\Windows\System32\OLEAUT32.dll
0x00007ffe28da0000 - 0x00007ffe28dd2000 	C:\Windows\SYSTEM32\dbgcore.DLL
0x00007ffe2b980000 - 0x00007ffe2b9fb000 	C:\Windows\System32\bcryptPrimitives.dll
0x00007ffe1d6c0000 - 0x00007ffe1d6de000 	C:\Program Files\Apache NetBeans\jdk\bin\java.dll
0x00007ffe2d420000 - 0x00007ffe2d5c1000 	C:\Windows\System32\ole32.dll
0x00007ffe2ca70000 - 0x00007ffe2d306000 	C:\Windows\System32\SHELL32.dll
0x00007ffe2ba00000 - 0x00007ffe2bb3f000 	C:\Windows\System32\wintypes.dll
0x00007ffe29300000 - 0x00007ffe29c1a000 	C:\Windows\SYSTEM32\windows.storage.dll
0x00007ffe2c0d0000 - 0x00007ffe2c1da000 	C:\Windows\System32\SHCORE.dll
0x00007ffe2dc30000 - 0x00007ffe2dc93000 	C:\Windows\System32\shlwapi.dll
0x00007ffe2b350000 - 0x00007ffe2b37b000 	C:\Windows\SYSTEM32\profapi.dll
0x00007ffe046b0000 - 0x00007ffe04787000 	C:\Program Files\Apache NetBeans\jdk\bin\jsvml.dll
0x00007ffe1d5c0000 - 0x00007ffe1d5d0000 	C:\Program Files\Apache NetBeans\jdk\bin\net.dll
0x00007ffe2a980000 - 0x00007ffe2a9ea000 	C:\Windows\system32\mswsock.dll
0x00007ffe1cec0000 - 0x00007ffe1ced6000 	C:\Program Files\Apache NetBeans\jdk\bin\nio.dll
0x00007ffe1d030000 - 0x00007ffe1d047000 	C:\Program Files\Apache NetBeans\jdk\bin\zip.dll
0x00007ffddc6a0000 - 0x00007ffddc81e000 	C:\Program Files\Apache NetBeans\jdk\bin\awt.dll
0x00007ffe273a0000 - 0x00007ffe27437000 	C:\Windows\SYSTEM32\apphelp.dll
0x00007ffe28340000 - 0x00007ffe2836e000 	C:\Windows\system32\DWMAPI.DLL
0x00007ffe27c70000 - 0x00007ffe27d23000 	C:\Windows\system32\uxtheme.dll
0x00007ffde1ca0000 - 0x00007ffde1da0000 	C:\Windows\system32\opengl32.dll
0x00007ffe1c530000 - 0x00007ffe1c55d000 	C:\Windows\SYSTEM32\GLU32.dll
0x00007ffe28580000 - 0x00007ffe285b7000 	C:\Windows\SYSTEM32\dxcore.dll
0x00007ffe2df00000 - 0x00007ffe2e060000 	C:\Windows\System32\MSCTF.dll
0x00007ffe15970000 - 0x00007ffe1599e000 	C:\Program Files\Apache NetBeans\jdk\bin\javajpeg.dll
0x00007ffdedcb0000 - 0x00007ffdedd37000 	C:\Program Files\Apache NetBeans\jdk\bin\freetype.dll
0x00007ffded510000 - 0x00007ffded5e9000 	C:\Program Files\Apache NetBeans\jdk\bin\fontmanager.dll
0x00007ffe2d5d0000 - 0x00007ffe2d680000 	C:\Windows\System32\clbcatq.dll
0x00007ffe27a80000 - 0x00007ffe27c30000 	C:\Windows\SYSTEM32\WindowsCodecs.dll
0x00007ffdd8030000 - 0x00007ffdd808e000 	C:\Windows\system32\dataexchange.dll
0x00007ffe22900000 - 0x00007ffe22ba6000 	C:\Windows\system32\twinapi.appcore.dll
0x00007ffe1db10000 - 0x00007ffe1dc54000 	C:\Windows\SYSTEM32\textinputframework.dll
0x00007ffe26f90000 - 0x00007ffe270c5000 	C:\Windows\SYSTEM32\CoreMessaging.dll
0x00007ffe23b30000 - 0x00007ffe23e9c000 	C:\Windows\SYSTEM32\CoreUIComponents.dll
0x00007ffe2abc0000 - 0x00007ffe2abcc000 	C:\Windows\SYSTEM32\CRYPTBASE.DLL
0x00007ffe29f60000 - 0x00007ffe2a062000 	C:\Windows\SYSTEM32\DNSAPI.dll
0x00007ffe29ef0000 - 0x00007ffe29f1d000 	C:\Windows\SYSTEM32\IPHLPAPI.DLL
0x00007ffe2c850000 - 0x00007ffe2c859000 	C:\Windows\System32\NSI.dll
0x00007ffe22450000 - 0x00007ffe2245a000 	C:\Windows\System32\rasadhlp.dll
0x00007ffe24180000 - 0x00007ffe24203000 	C:\Windows\System32\fwpuclnt.dll
0x00007ffe1d0a0000 - 0x00007ffe1d0a9000 	C:\Program Files\Apache NetBeans\jdk\bin\extnet.dll
0x00007ffe2aba0000 - 0x00007ffe2abbb000 	C:\Windows\SYSTEM32\CRYPTSP.dll
0x00007ffe2a460000 - 0x00007ffe2a497000 	C:\Windows\system32\rsaenh.dll
0x00007ffe2aa40000 - 0x00007ffe2aa68000 	C:\Windows\SYSTEM32\USERENV.dll
0x00007ffe1d820000 - 0x00007ffe1d82e000 	C:\Program Files\Apache NetBeans\jdk\bin\sunmscapi.dll
0x00007ffe2be40000 - 0x00007ffe2bfa7000 	C:\Windows\System32\CRYPT32.dll
0x00007ffe2add0000 - 0x00007ffe2adfd000 	C:\Windows\SYSTEM32\ncrypt.dll
0x00007ffe2ad90000 - 0x00007ffe2adc7000 	C:\Windows\SYSTEM32\NTASN1.dll
0x00007ffe1cdc0000 - 0x00007ffe1cdd7000 	C:\Windows\SYSTEM32\wtdccm.dll
0x00007ffe0c660000 - 0x00007ffe0c710000 	C:\Windows\SYSTEM32\TextShaping.dll

JVMTI agents: none

dbghelp: loaded successfully - version: 4.0.5 - missing functions: none
symbol engine: initialized successfully - sym options: 0x614 - pdb path: .;C:\Program Files\Apache NetBeans\jdk\bin;C:\Windows\SYSTEM32;C:\Windows\WinSxS\amd64_microsoft.windows.common-controls_6595b64144ccf1df_6.0.22621.5124_none_270e8f4f7386d69d;C:\Program Files\Apache NetBeans\jdk\bin\server

VM Arguments:
jvm_args: -Dfile.encoding=UTF-8 --module-path=C:\Users\mahes\OneDrive\Desktop\project25\bank management system\build\classes 
java_command: bank.management.system.Login
java_class_path (initial): C:\Users\mahes\Downloads\jcalendar-tz-1.3.3-4.jar;C:\Users\mahes\Downloads\mysql-connector-java-8.0.28.jar;C:\Users\mahes\OneDrive\Desktop\project25\bank management system\build\classes
Launcher Type: SUN_STANDARD

[Global flags]
     intx CICompilerCount                          = 4                                         {product} {ergonomic}
     uint ConcGCThreads                            = 3                                         {product} {ergonomic}
     uint G1ConcRefinementThreads                  = 10                                        {product} {ergonomic}
   size_t G1HeapRegionSize                         = 2097152                                   {product} {ergonomic}
   size_t InitialHeapSize                          = 264241152                                 {product} {ergonomic}
   size_t MarkStackSize                            = 4194304                                   {product} {ergonomic}
   size_t MarkStackSizeMax                         = 536870912                                 {product} {ergonomic}
   size_t MaxHeapSize                              = 4213178368                                {product} {ergonomic}
   size_t MaxNewSize                               = 2527068160                                {product} {ergonomic}
   size_t MinHeapDeltaBytes                        = 2097152                                   {product} {ergonomic}
   size_t MinHeapSize                              = 8388608                                   {product} {ergonomic}
    uintx NonNMethodCodeHeapSize                   = 5832704                                {pd product} {ergonomic}
    uintx NonProfiledCodeHeapSize                  = 122945536                              {pd product} {ergonomic}
    uintx ProfiledCodeHeapSize                     = 122880000                              {pd product} {ergonomic}
    uintx ReservedCodeCacheSize                    = 251658240                              {pd product} {ergonomic}
     bool SegmentedCodeCache                       = true                                      {product} {ergonomic}
   size_t SoftMaxHeapSize                          = 4213178368                             {manageable} {ergonomic}
     bool UseCompressedOops                        = true                           {product lp64_product} {ergonomic}
     bool UseG1GC                                  = true                                      {product} {ergonomic}
     bool UseLargePagesIndividualAllocation        = false                                  {pd product} {ergonomic}

Logging:
Log output configuration:
 #0: stdout all=warning uptime,level,tags foldmultilines=false
 #1: stderr all=off uptime,level,tags foldmultilines=false

Environment Variables:
PATH=C:\ProgramData\Oracle\Java\javapath;C:\oraclexe\app\oracle\product\10.2.0\server\bin;C:\Windows\system32;C:\Windows;C:\Windows\System32\Wbem;C:\Windows\System32\WindowsPowerShell\v1.0\;C:\Windows\System32\OpenSSH\;C:\Program Files\dotnet\;C:\Program Files\MySQL\MySQL Server 8.0\bin;C:\Program Files\MySQL\MySQL Shell 8.0\bin\;C:\Users\mahes\AppData\Local\Microsoft\WindowsApps;C:\flutter\src\flutter\bin;C:\Users\mahes\AppData\Local\Programs\Microsoft VS Code\bin;C:\Program Files\Java\jre1.8.0_131\bin;C:\Program Files\Java\jdk1.8.0_131\bin;
USERNAME=mahes
OS=Windows_NT
PROCESSOR_IDENTIFIER=Intel64 Family 6 Model 186 Stepping 3, GenuineIntel
TMP=C:\Users\mahes\AppData\Local\Temp
TEMP=C:\Users\mahes\AppData\Local\Temp




Periodic native trim disabled

---------------  S Y S T E M  ---------------

OS:
 Windows 11 , 64 bit Build 22621 (10.0.22621.5124)
OS uptime: 9 days 3:53 hours
Hyper-V role detected

CPU: total 12 (initial active 12) (6 cores per cpu, 2 threads per core) family 6 model 186 stepping 3 microcode 0x4123, cx8, cmov, fxsr, ht, mmx, 3dnowpref, sse, sse2, sse3, ssse3, sse4.1, sse4.2, popcnt, lzcnt, tsc, tscinvbit, avx, avx2, aes, erms, clmul, bmi1, bmi2, adx, sha, fma, vzeroupper, clflush, clflushopt, clwb, hv, serialize, rdtscp, rdpid, fsrm, gfni, f16c, cet_ibt, cet_ss
Processor Information for processor 0
  Max Mhz: 1700, Current Mhz: 1457, Mhz Limit: 1700
Processor Information for processor 1
  Max Mhz: 1700, Current Mhz: 1457, Mhz Limit: 1700
Processor Information for processor 2
  Max Mhz: 1700, Current Mhz: 1700, Mhz Limit: 1700
Processor Information for processor 3
  Max Mhz: 1700, Current Mhz: 1700, Mhz Limit: 1700
Processor Information for processor 4
  Max Mhz: 1700, Current Mhz: 1700, Mhz Limit: 1700
Processor Information for processor 5
  Max Mhz: 1700, Current Mhz: 1700, Mhz Limit: 1700
Processor Information for processor 6
  Max Mhz: 1700, Current Mhz: 1700, Mhz Limit: 1700
Processor Information for processor 7
  Max Mhz: 1700, Current Mhz: 1558, Mhz Limit: 1700
Processor Information for processor 8
  Max Mhz: 1700, Current Mhz: 1700, Mhz Limit: 1700
Processor Information for processor 9
  Max Mhz: 1700, Current Mhz: 1558, Mhz Limit: 1700
Processor Information for processor 10
  Max Mhz: 1700, Current Mhz: 1558, Mhz Limit: 1700
Processor Information for processor 11
  Max Mhz: 1700, Current Mhz: 1558, Mhz Limit: 1700

Memory: 4k page, system-wide physical 16068M (2476M free)
TotalPageFile size 55533M (AvailPageFile size 0M)
current process WorkingSet (physical memory assigned to process): 60M, peak: 133M
current process commit charge ("private bytes"): 387M, peak: 397M

vm_info: OpenJDK 64-Bit Server VM (24.0.1+9) for windows-amd64 JRE (24.0.1+9) (Zulu24.30+11-CA), built on 2025-03-21T13:52:34Z with MS VC++ 17.1 (VS2022)

END.
