#
# There is insufficient memory for the Java Runtime Environment to continue.
# Native memory allocation (mmap) failed to map 264241152 bytes. Error detail: G1 virtual space
# Possible reasons:
#   The system is out of physical RAM or swap space
#   This process is running with CompressedOops enabled, and the Java Heap may be blocking the growth of the native heap
# Possible solutions:
#   Reduce memory load on the system
#   Increase physical memory or swap space
#   Check if swap backing store is full
#   Decrease Java heap size (-Xmx/-Xms)
#   Decrease number of Java threads
#   Decrease Java thread stack sizes (-Xss)
#   Set larger code cache with -XX:ReservedCodeCacheSize=
#   JVM is running with Zero Based Compressed Oops mode in which the Java heap is
#     placed in the first 32GB address space. The Java Heap base address is the
#     maximum limit for the native heap growth. Please use -XX:HeapBaseMinAddress
#     to set the Java Heap base and to place the Java Heap above 32GB virtual address.
# This output file may be truncated or incomplete.
#
#  Out of Memory Error (os_windows.cpp:3564), pid=19156, tid=15608
#
# JRE version:  (24.0.1+9) (build )
# Java VM: OpenJDK 64-Bit Server VM (24.0.1+9, mixed mode, sharing, tiered, compressed oops, compressed class ptrs, g1 gc, windows-amd64)
# No core dump will be written. Minidumps are not enabled by default on client versions of Windows
#

---------------  S U M M A R Y ------------

Command Line: -Dfile.encoding=UTF-8 --module-path=C:\Users\mahes\OneDrive\Desktop\project25\bank management system\build\classes bank.management.system.Deposit

Host: 13th Gen Intel(R) Core(TM) i7-1355U, 12 cores, 15G,  Windows 11 , 64 bit Build 22621 (10.0.22621.5124)
Time: Wed May 28 14:12:42 2025 India Standard Time elapsed time: 0.014580 seconds (0d 0h 0m 0s)

---------------  T H R E A D  ---------------

Current thread (0x000001bab9b5c2a0):  JavaThread "Unknown thread" [_thread_in_vm, id=15608, stack(0x00000021e2b00000,0x00000021e2c00000) (1024K)]

Stack: [0x00000021e2b00000,0x00000021e2c00000]
Native frames: (J=compiled Java code, j=interpreted, Vv=VM code, C=native code)
V  [jvm.dll+0x7410c9]  (no source info available)
V  [jvm.dll+0x97def3]  (no source info available)
V  [jvm.dll+0x98021d]  (no source info available)
V  [jvm.dll+0x980893]  (no source info available)
V  [jvm.dll+0x2b5b16]  (no source info available)
V  [jvm.dll+0x73d535]  (no source info available)
V  [jvm.dll+0x730d0a]  (no source info available)
V  [jvm.dll+0x39ea4a]  (no source info available)
V  [jvm.dll+0x3a6746]  (no source info available)
V  [jvm.dll+0x392fce]  (no source info available)
V  [jvm.dll+0x393288]  (no source info available)
V  [jvm.dll+0x369fcc]  (no source info available)
V  [jvm.dll+0x36ac8d]  (no source info available)
V  [jvm.dll+0x94069f]  (no source info available)
V  [jvm.dll+0x4077ad]  (no source info available)
V  [jvm.dll+0x928b1e]  (no source info available)
V  [jvm.dll+0x4a2c4e]  (no source info available)
V  [jvm.dll+0x4a4b81]  (no source info available)
C  [jli.dll+0x52a1]  (no source info available)
C  [ucrtbase.dll+0x29333]  (no source info available)
C  [KERNEL32.DLL+0x1259d]  (no source info available)
C  [ntdll.dll+0x5af38]  (no source info available)

Lock stack of current Java thread (top to bottom):


---------------  P R O C E S S  ---------------

Threads class SMR info:
_java_thread_list=0x00007ffd95d6bf58, length=0, elements={
}

Java Threads: ( => current thread )
Total: 0

Other Threads:
  0x000001babc05f6b0 WorkerThread "GC Thread#0"                     [id=43652, stack(0x00000021e2c00000,0x00000021e2d00000) (1024K)]
  0x000001babc0740d0 ConcurrentGCThread "G1 Main Marker"            [id=27840, stack(0x00000021e2d00000,0x00000021e2e00000) (1024K)]
  0x000001babc075d70 WorkerThread "G1 Conc#0"                       [id=43704, stack(0x00000021e2e00000,0x00000021e2f00000) (1024K)]

[error occurred during error reporting (printing all threads), id 0xc0000005, EXCEPTION_ACCESS_VIOLATION (0xc0000005) at pc=0x00007ffd953defaa]
VM state: not at safepoint (not fully initialized)

VM Mutex/Monitor currently owned by a thread:  ([mutex/lock_event])
[0x00007ffd95df50c8] Heap_lock - owner thread: 0x000001bab9b5c2a0

Heap address: 0x0000000704e00000, size: 4018 MB, Compressed Oops mode: Zero based, Oop shift amount: 3

CDS archive(s) mapped at: [0x0000000000000000-0x0000000000000000-0x0000000000000000), size 0, SharedBaseAddress: 0x0000000800000000, ArchiveRelocationMode: 1.
UseCompressedClassPointers 1, UseCompactObjectHeaders 0
Narrow klass pointer bits 32, Max shift 3
Narrow klass base: 0xffffffffffffffff, Narrow klass shift: -1
Encoding Range: [0xffffffffffffffff - 0x000000007fffffff), (2147483648 bytes)
Klass Range:    [0x0000000000000000 - 0x0000000000000000), (0 bytes)
Klass ID Range:  [4294967295 - 0) (1)

GC Precious Log:
 CardTable entry size: 512
 Card Set container configuration: InlinePtr #cards 4 size 8 Array Of Cards #cards 16 size 48 Howl #buckets 8 coarsen threshold 3686 Howl Bitmap #cards 512 size 80 coarsen threshold 460 Card regions per heap region 1 cards per card region 4096

Heap:
 garbage-first heap   total reserved 4114432K, committed 0K, used 0K [0x0000000704e00000, 0x0000000800000000)
  region size 2048K, 0 young (0K), 0 survivors (0K)

[error occurred during error reporting (printing heap information), id 0xc0000005, EXCEPTION_ACCESS_VIOLATION (0xc0000005) at pc=0x00007ffd957ff8e9]
GC Heap History (0 events):
No events

Dll operation events (1 events):
Event: 0.010 Loaded shared library C:\Program Files\Apache NetBeans\jdk\bin\java.dll

Deoptimization events (0 events):
No events

Classes loaded (0 events):
No events

Classes unloaded (0 events):
No events

Classes redefined (0 events):
No events

Internal exceptions (0 events):
No events

VM Operations (0 events):
No events

Memory protections (0 events):
No events

Nmethod flushes (0 events):
No events

Events (0 events):
No events


Dynamic libraries:
0x00007ff6b4380000 - 0x00007ff6b438e000 	C:\Program Files\Apache NetBeans\jdk\bin\java.exe
0x00007ffe2e310000 - 0x00007ffe2e527000 	C:\Windows\SYSTEM32\ntdll.dll
0x00007ffe2d680000 - 0x00007ffe2d744000 	C:\Windows\System32\KERNEL32.DLL
0x00007ffe2b5a0000 - 0x00007ffe2b973000 	C:\Windows\System32\KERNELBASE.dll
0x00007ffe2bb40000 - 0x00007ffe2bc51000 	C:\Windows\System32\ucrtbase.dll
0x00007ffe1d630000 - 0x00007ffe1d646000 	C:\Program Files\Apache NetBeans\jdk\bin\jli.dll
0x00007ffe1d900000 - 0x00007ffe1d91e000 	C:\Program Files\Apache NetBeans\jdk\bin\VCRUNTIME140.dll
0x00007ffe2dca0000 - 0x00007ffe2de51000 	C:\Windows\System32\USER32.dll
0x00007ffe2b420000 - 0x00007ffe2b446000 	C:\Windows\System32\win32u.dll
0x00007ffe2c060000 - 0x00007ffe2c089000 	C:\Windows\System32\GDI32.dll
0x00007ffe0f690000 - 0x00007ffe0f928000 	C:\Windows\WinSxS\amd64_microsoft.windows.common-controls_6595b64144ccf1df_6.0.22621.5124_none_270e8f4f7386d69d\COMCTL32.dll
0x00007ffe2b480000 - 0x00007ffe2b59b000 	C:\Windows\System32\gdi32full.dll
0x00007ffe2d750000 - 0x00007ffe2d7f7000 	C:\Windows\System32\msvcrt.dll
0x00007ffe2bda0000 - 0x00007ffe2be3a000 	C:\Windows\System32\msvcp_win.dll
0x00007ffe2c090000 - 0x00007ffe2c0c1000 	C:\Windows\System32\IMM32.DLL
0x00007ffe1d8f0000 - 0x00007ffe1d8fc000 	C:\Program Files\Apache NetBeans\jdk\bin\vcruntime140_1.dll
0x00007ffe04130000 - 0x00007ffe041bd000 	C:\Program Files\Apache NetBeans\jdk\bin\msvcp140.dll
0x00007ffd95060000 - 0x00007ffd95edc000 	C:\Program Files\Apache NetBeans\jdk\bin\server\jvm.dll
0x00007ffe2c1e0000 - 0x00007ffe2c291000 	C:\Windows\System32\ADVAPI32.dll
0x00007ffe2bfb0000 - 0x00007ffe2c058000 	C:\Windows\System32\sechost.dll
0x00007ffe2b450000 - 0x00007ffe2b478000 	C:\Windows\System32\bcrypt.dll
0x00007ffe2c2b0000 - 0x00007ffe2c3c4000 	C:\Windows\System32\RPCRT4.dll
0x00007ffe2c8a0000 - 0x00007ffe2c911000 	C:\Windows\System32\WS2_32.dll
0x00007ffe28de0000 - 0x00007ffe28e14000 	C:\Windows\SYSTEM32\WINMM.dll
0x00007ffe2a260000 - 0x00007ffe2a2ad000 	C:\Windows\SYSTEM32\POWRPROF.dll
0x00007ffe20e60000 - 0x00007ffe20e6a000 	C:\Windows\SYSTEM32\VERSION.dll
0x00007ffe2a240000 - 0x00007ffe2a253000 	C:\Windows\SYSTEM32\UMPDC.dll
0x00007ffe2a500000 - 0x00007ffe2a518000 	C:\Windows\SYSTEM32\kernel.appcore.dll
0x00007ffe1d700000 - 0x00007ffe1d70a000 	C:\Program Files\Apache NetBeans\jdk\bin\jimage.dll
0x00007ffe28b20000 - 0x00007ffe28d52000 	C:\Windows\SYSTEM32\DBGHELP.DLL
0x00007ffe2d890000 - 0x00007ffe2dc22000 	C:\Windows\System32\combase.dll
0x00007ffe2c920000 - 0x00007ffe2c9f7000 	C:\Windows\System32\OLEAUT32.dll
0x00007ffe28da0000 - 0x00007ffe28dd2000 	C:\Windows\SYSTEM32\dbgcore.DLL
0x00007ffe2b980000 - 0x00007ffe2b9fb000 	C:\Windows\System32\bcryptPrimitives.dll
0x00007ffe1d6c0000 - 0x00007ffe1d6de000 	C:\Program Files\Apache NetBeans\jdk\bin\java.dll
0x00007ffe2d420000 - 0x00007ffe2d5c1000 	C:\Windows\System32\ole32.dll
0x00007ffe2ca70000 - 0x00007ffe2d306000 	C:\Windows\System32\SHELL32.dll
0x00007ffe2ba00000 - 0x00007ffe2bb3f000 	C:\Windows\System32\wintypes.dll

JVMTI agents: none

dbghelp: loaded successfully - version: 4.0.5 - missing functions: none
symbol engine: initialized successfully - sym options: 0x614 - pdb path: .;C:\Program Files\Apache NetBeans\jdk\bin;C:\Windows\SYSTEM32;C:\Windows\WinSxS\amd64_microsoft.windows.common-controls_6595b64144ccf1df_6.0.22621.5124_none_270e8f4f7386d69d;C:\Program Files\Apache NetBeans\jdk\bin\server

VM Arguments:
jvm_args: -Dfile.encoding=UTF-8 --module-path=C:\Users\mahes\OneDrive\Desktop\project25\bank management system\build\classes 
java_command: bank.management.system.Deposit
java_class_path (initial): C:\Users\mahes\Downloads\jcalendar-tz-1.3.3-4.jar;C:\Users\mahes\Downloads\mysql-connector-java-8.0.28.jar;C:\Users\mahes\OneDrive\Desktop\project25\bank management system\build\classes
Launcher Type: SUN_STANDARD

[Global flags]
     intx CICompilerCount                          = 4                                         {product} {ergonomic}
     uint ConcGCThreads                            = 3                                         {product} {ergonomic}
     uint G1ConcRefinementThreads                  = 10                                        {product} {ergonomic}
   size_t G1HeapRegionSize                         = 2097152                                   {product} {ergonomic}
   size_t InitialHeapSize                          = 264241152                                 {product} {ergonomic}
   size_t MarkStackSize                            = 4194304                                   {product} {ergonomic}
   size_t MarkStackSizeMax                         = 536870912                                 {product} {ergonomic}
   size_t MaxHeapSize                              = 4213178368                                {product} {ergonomic}
   size_t MinHeapDeltaBytes                        = 2097152                                   {product} {ergonomic}
   size_t MinHeapSize                              = 8388608                                   {product} {ergonomic}
    uintx NonNMethodCodeHeapSize                   = 5832704                                {pd product} {ergonomic}
    uintx NonProfiledCodeHeapSize                  = 122945536                              {pd product} {ergonomic}
    uintx ProfiledCodeHeapSize                     = 122880000                              {pd product} {ergonomic}
    uintx ReservedCodeCacheSize                    = 251658240                              {pd product} {ergonomic}
     bool SegmentedCodeCache                       = true                                      {product} {ergonomic}
   size_t SoftMaxHeapSize                          = 4213178368                             {manageable} {ergonomic}
     bool UseCompressedOops                        = true                           {product lp64_product} {ergonomic}
     bool UseG1GC                                  = true                                      {product} {ergonomic}
     bool UseLargePagesIndividualAllocation        = false                                  {pd product} {ergonomic}

Logging:
Log output configuration:
 #0: stdout all=warning uptime,level,tags foldmultilines=false
 #1: stderr all=off uptime,level,tags foldmultilines=false

Environment Variables:
PATH=C:\ProgramData\Oracle\Java\javapath;C:\oraclexe\app\oracle\product\10.2.0\server\bin;C:\Windows\system32;C:\Windows;C:\Windows\System32\Wbem;C:\Windows\System32\WindowsPowerShell\v1.0\;C:\Windows\System32\OpenSSH\;C:\Program Files\dotnet\;C:\Program Files\MySQL\MySQL Server 8.0\bin;C:\Program Files\MySQL\MySQL Shell 8.0\bin\;C:\Users\mahes\AppData\Local\Microsoft\WindowsApps;C:\flutter\src\flutter\bin;C:\Users\mahes\AppData\Local\Programs\Microsoft VS Code\bin;C:\Program Files\Java\jre1.8.0_131\bin;C:\Program Files\Java\jdk1.8.0_131\bin;
USERNAME=mahes
OS=Windows_NT
PROCESSOR_IDENTIFIER=Intel64 Family 6 Model 186 Stepping 3, GenuineIntel
TMP=C:\Users\mahes\AppData\Local\Temp
TEMP=C:\Users\mahes\AppData\Local\Temp




Periodic native trim disabled

---------------  S Y S T E M  ---------------

OS:
 Windows 11 , 64 bit Build 22621 (10.0.22621.5124)
OS uptime: 9 days 4:05 hours
Hyper-V role detected

CPU: total 12 (initial active 12) (6 cores per cpu, 2 threads per core) family 6 model 186 stepping 3 microcode 0x4123, cx8, cmov, fxsr, ht, mmx, 3dnowpref, sse, sse2, sse3, ssse3, sse4.1, sse4.2, popcnt, lzcnt, tsc, tscinvbit, avx, avx2, aes, erms, clmul, bmi1, bmi2, adx, sha, fma, vzeroupper, clflush, clflushopt, clwb, hv, serialize, rdtscp, rdpid, fsrm, gfni, f16c, cet_ibt, cet_ss
Processor Information for processor 0
  Max Mhz: 1700, Current Mhz: 1700, Mhz Limit: 1700
Processor Information for processor 1
  Max Mhz: 1700, Current Mhz: 1700, Mhz Limit: 1700
Processor Information for processor 2
  Max Mhz: 1700, Current Mhz: 1700, Mhz Limit: 1700
Processor Information for processor 3
  Max Mhz: 1700, Current Mhz: 1700, Mhz Limit: 1700
Processor Information for processor 4
  Max Mhz: 1700, Current Mhz: 1558, Mhz Limit: 1700
Processor Information for processor 5
  Max Mhz: 1700, Current Mhz: 1558, Mhz Limit: 1700
Processor Information for processor 6
  Max Mhz: 1700, Current Mhz: 1700, Mhz Limit: 1700
Processor Information for processor 7
  Max Mhz: 1700, Current Mhz: 1558, Mhz Limit: 1700
Processor Information for processor 8
  Max Mhz: 1700, Current Mhz: 1700, Mhz Limit: 1700
Processor Information for processor 9
  Max Mhz: 1700, Current Mhz: 1558, Mhz Limit: 1700
Processor Information for processor 10
  Max Mhz: 1700, Current Mhz: 1558, Mhz Limit: 1700
Processor Information for processor 11
  Max Mhz: 1700, Current Mhz: 1558, Mhz Limit: 1700

Memory: 4k page, system-wide physical 16068M (2580M free)
TotalPageFile size 55533M (AvailPageFile size 41M)
current process WorkingSet (physical memory assigned to process): 12M, peak: 12M
current process commit charge ("private bytes"): 65M, peak: 316M

vm_info: OpenJDK 64-Bit Server VM (24.0.1+9) for windows-amd64 JRE (24.0.1+9) (Zulu24.30+11-CA), built on 2025-03-21T13:52:34Z with MS VC++ 17.1 (VS2022)

END.
